<?xml version="1.0" encoding="UTF-8"?>
<beans xmlns="http://www.springframework.org/schema/beans"
       xmlns:xsi="http://www.w3.org/2001/XMLSchema-instance" xmlns:util="http://www.springframework.org/schema/util"
       xsi:schemaLocation="http://www.springframework.org/schema/beans http://www.springframework.org/schema/beans/spring-beans-3.0.xsd
                            http://www.springframework.org/schema/util http://www.springframework.org/schema/util/spring-util-3.0.xsd"
       default-autowire="constructor">

    <bean id="serverPaths" class="teamcity.crowd.plugin.FakeServerPaths"/>

    <import resource="classpath:applicationContext-CrowdRestClient.xml"/>

    <bean id="configDir" class="org.springframework.beans.factory.config.MethodInvokingFactoryBean">
        <property name="targetObject" ref="serverPaths"/>
        <property name="targetMethod" value="getConfigDir"/>
    </bean>

    <bean id="loggerFactory" class="teamcity.crowd.plugin.utils.TeamCityLoggerFactory"/>

    <bean id="pluginConfiguration" class="teamcity.crowd.plugin.config.CrowdPluginConfiguration" depends-on="configDir">
        <constructor-arg ref="configDir"/>
        <constructor-arg value="valid-crowd.properties"/>
        <constructor-arg ref="loggerFactory"/>
        <constructor-arg ref="clientProperties"/>
    </bean>

</beans>